{"E:\\PLP Academy\\4. My Fullstack Projects\\week4-mern-blog\\server\\controllers\\categoryController.js": {"path":"E:\\PLP Academy\\4. My Fullstack Projects\\week4-mern-blog\\server\\controllers\\categoryController.js","statementMap":{"0":{"start":{"line":4,"column":29},"end":{"line":11,"column":1}},"1":{"start":{"line":5,"column":2},"end":{"line":10,"column":3}},"2":{"start":{"line":6,"column":23},"end":{"line":6,"column":44}},"3":{"start":{"line":7,"column":4},"end":{"line":7,"column":25}},"4":{"start":{"line":9,"column":4},"end":{"line":9,"column":54}},"5":{"start":{"line":14,"column":30},"end":{"line":22,"column":1}},"6":{"start":{"line":15,"column":2},"end":{"line":21,"column":3}},"7":{"start":{"line":16,"column":21},"end":{"line":16,"column":43}},"8":{"start":{"line":17,"column":18},"end":{"line":17,"column":39}},"9":{"start":{"line":18,"column":4},"end":{"line":18,"column":32}},"10":{"start":{"line":20,"column":4},"end":{"line":20,"column":53}}},"fnMap":{"0":{"name":"(anonymous_0)","decl":{"start":{"line":4,"column":29},"end":{"line":4,"column":30}},"loc":{"start":{"line":4,"column":49},"end":{"line":11,"column":1}},"line":4},"1":{"name":"(anonymous_1)","decl":{"start":{"line":14,"column":30},"end":{"line":14,"column":31}},"loc":{"start":{"line":14,"column":50},"end":{"line":22,"column":1}},"line":14}},"branchMap":{},"s":{"0":0,"1":0,"2":0,"3":0,"4":0,"5":0,"6":0,"7":0,"8":0,"9":0,"10":0},"f":{"0":0,"1":0},"b":{}}
,"E:\\PLP Academy\\4. My Fullstack Projects\\week4-mern-blog\\server\\controllers\\postController.js": {"path":"E:\\PLP Academy\\4. My Fullstack Projects\\week4-mern-blog\\server\\controllers\\postController.js","statementMap":{"0":{"start":{"line":5,"column":24},"end":{"line":28,"column":1}},"1":{"start":{"line":6,"column":2},"end":{"line":27,"column":3}},"2":{"start":{"line":7,"column":17},"end":{"line":7,"column":46}},"3":{"start":{"line":8,"column":18},"end":{"line":8,"column":19}},"4":{"start":{"line":9,"column":17},"end":{"line":9,"column":35}},"5":{"start":{"line":11,"column":18},"end":{"line":15,"column":30}},"6":{"start":{"line":17,"column":18},"end":{"line":17,"column":45}},"7":{"start":{"line":19,"column":4},"end":{"line":23,"column":7}},"8":{"start":{"line":25,"column":4},"end":{"line":25,"column":51}},"9":{"start":{"line":26,"column":4},"end":{"line":26,"column":54}},"10":{"start":{"line":31,"column":27},"end":{"line":39,"column":1}},"11":{"start":{"line":32,"column":2},"end":{"line":38,"column":3}},"12":{"start":{"line":33,"column":17},"end":{"line":33,"column":72}},"13":{"start":{"line":34,"column":4},"end":{"line":34,"column":74}},"14":{"start":{"line":34,"column":15},"end":{"line":34,"column":74}},"15":{"start":{"line":35,"column":4},"end":{"line":35,"column":31}},"16":{"start":{"line":37,"column":4},"end":{"line":37,"column":54}},"17":{"start":{"line":42,"column":26},"end":{"line":65,"column":1}},"18":{"start":{"line":43,"column":2},"end":{"line":64,"column":3}},"19":{"start":{"line":44,"column":38},"end":{"line":44,"column":46}},"20":{"start":{"line":46,"column":4},"end":{"line":48,"column":5}},"21":{"start":{"line":47,"column":6},"end":{"line":47,"column":74}},"22":{"start":{"line":50,"column":26},"end":{"line":50,"column":73}},"23":{"start":{"line":52,"column":17},"end":{"line":57,"column":6}},"24":{"start":{"line":59,"column":22},"end":{"line":59,"column":39}},"25":{"start":{"line":60,"column":4},"end":{"line":60,"column":36}},"26":{"start":{"line":62,"column":4},"end":{"line":62,"column":51}},"27":{"start":{"line":63,"column":4},"end":{"line":63,"column":71}},"28":{"start":{"line":68,"column":26},"end":{"line":76,"column":1}},"29":{"start":{"line":69,"column":2},"end":{"line":75,"column":3}},"30":{"start":{"line":70,"column":20},"end":{"line":70,"column":88}},"31":{"start":{"line":71,"column":4},"end":{"line":71,"column":77}},"32":{"start":{"line":71,"column":18},"end":{"line":71,"column":77}},"33":{"start":{"line":72,"column":4},"end":{"line":72,"column":34}},"34":{"start":{"line":74,"column":4},"end":{"line":74,"column":53}},"35":{"start":{"line":79,"column":26},"end":{"line":87,"column":1}},"36":{"start":{"line":80,"column":2},"end":{"line":86,"column":3}},"37":{"start":{"line":81,"column":20},"end":{"line":81,"column":63}},"38":{"start":{"line":82,"column":4},"end":{"line":82,"column":77}},"39":{"start":{"line":82,"column":18},"end":{"line":82,"column":77}},"40":{"start":{"line":83,"column":4},"end":{"line":83,"column":54}},"41":{"start":{"line":85,"column":4},"end":{"line":85,"column":53}}},"fnMap":{"0":{"name":"(anonymous_0)","decl":{"start":{"line":5,"column":24},"end":{"line":5,"column":25}},"loc":{"start":{"line":5,"column":44},"end":{"line":28,"column":1}},"line":5},"1":{"name":"(anonymous_1)","decl":{"start":{"line":31,"column":27},"end":{"line":31,"column":28}},"loc":{"start":{"line":31,"column":47},"end":{"line":39,"column":1}},"line":31},"2":{"name":"(anonymous_2)","decl":{"start":{"line":42,"column":26},"end":{"line":42,"column":27}},"loc":{"start":{"line":42,"column":46},"end":{"line":65,"column":1}},"line":42},"3":{"name":"(anonymous_3)","decl":{"start":{"line":68,"column":26},"end":{"line":68,"column":27}},"loc":{"start":{"line":68,"column":46},"end":{"line":76,"column":1}},"line":68},"4":{"name":"(anonymous_4)","decl":{"start":{"line":79,"column":26},"end":{"line":79,"column":27}},"loc":{"start":{"line":79,"column":46},"end":{"line":87,"column":1}},"line":79}},"branchMap":{"0":{"loc":{"start":{"line":7,"column":17},"end":{"line":7,"column":46}},"type":"binary-expr","locations":[{"start":{"line":7,"column":17},"end":{"line":7,"column":41}},{"start":{"line":7,"column":45},"end":{"line":7,"column":46}}],"line":7},"1":{"loc":{"start":{"line":34,"column":4},"end":{"line":34,"column":74}},"type":"if","locations":[{"start":{"line":34,"column":4},"end":{"line":34,"column":74}},{"start":{},"end":{}}],"line":34},"2":{"loc":{"start":{"line":46,"column":4},"end":{"line":48,"column":5}},"type":"if","locations":[{"start":{"line":46,"column":4},"end":{"line":48,"column":5}},{"start":{},"end":{}}],"line":46},"3":{"loc":{"start":{"line":46,"column":8},"end":{"line":46,"column":36}},"type":"binary-expr","locations":[{"start":{"line":46,"column":8},"end":{"line":46,"column":14}},{"start":{"line":46,"column":18},"end":{"line":46,"column":23}},{"start":{"line":46,"column":27},"end":{"line":46,"column":36}}],"line":46},"4":{"loc":{"start":{"line":50,"column":26},"end":{"line":50,"column":73}},"type":"cond-expr","locations":[{"start":{"line":50,"column":37},"end":{"line":50,"column":68}},{"start":{"line":50,"column":71},"end":{"line":50,"column":73}}],"line":50},"5":{"loc":{"start":{"line":63,"column":36},"end":{"line":63,"column":67}},"type":"binary-expr","locations":[{"start":{"line":63,"column":36},"end":{"line":63,"column":49}},{"start":{"line":63,"column":53},"end":{"line":63,"column":67}}],"line":63},"6":{"loc":{"start":{"line":71,"column":4},"end":{"line":71,"column":77}},"type":"if","locations":[{"start":{"line":71,"column":4},"end":{"line":71,"column":77}},{"start":{},"end":{}}],"line":71},"7":{"loc":{"start":{"line":82,"column":4},"end":{"line":82,"column":77}},"type":"if","locations":[{"start":{"line":82,"column":4},"end":{"line":82,"column":77}},{"start":{},"end":{}}],"line":82}},"s":{"0":1,"1":1,"2":1,"3":1,"4":1,"5":1,"6":1,"7":1,"8":0,"9":0,"10":1,"11":2,"12":2,"13":1,"14":0,"15":1,"16":1,"17":1,"18":5,"19":5,"20":5,"21":1,"22":4,"23":4,"24":4,"25":4,"26":0,"27":0,"28":1,"29":1,"30":1,"31":1,"32":0,"33":1,"34":0,"35":1,"36":1,"37":1,"38":1,"39":0,"40":1,"41":0},"f":{"0":1,"1":2,"2":5,"3":1,"4":1},"b":{"0":[1,1],"1":[0,1],"2":[1,4],"3":[5,4,4],"4":[0,4],"5":[0,0],"6":[0,1],"7":[0,1]},"_coverageSchema":"1a1c01bbd47fc00a2c39e90264f33305004495a9","hash":"6c9dbee8c07d8bd23d6aa3c1c66149517de2cfc5"}
,"E:\\PLP Academy\\4. My Fullstack Projects\\week4-mern-blog\\server\\models\\Category.js": {"path":"E:\\PLP Academy\\4. My Fullstack Projects\\week4-mern-blog\\server\\models\\Category.js","statementMap":{"0":{"start":{"line":4,"column":23},"end":{"line":16,"column":1}}},"fnMap":{},"branchMap":{},"s":{"0":1},"f":{},"b":{},"_coverageSchema":"1a1c01bbd47fc00a2c39e90264f33305004495a9","hash":"1c89709ea80a2dfab452bd87f743decd9f81a410"}
,"E:\\PLP Academy\\4. My Fullstack Projects\\week4-mern-blog\\server\\models\\Post.js": {"path":"E:\\PLP Academy\\4. My Fullstack Projects\\week4-mern-blog\\server\\models\\Post.js","statementMap":{"0":{"start":{"line":4,"column":19},"end":{"line":28,"column":1}}},"fnMap":{},"branchMap":{},"s":{"0":1},"f":{},"b":{},"_coverageSchema":"1a1c01bbd47fc00a2c39e90264f33305004495a9","hash":"125b7e30c324cb736f9b97e0367237b425690366"}
,"E:\\PLP Academy\\4. My Fullstack Projects\\week4-mern-blog\\server\\routes\\categoryRoutes.js": {"path":"E:\\PLP Academy\\4. My Fullstack Projects\\week4-mern-blog\\server\\routes\\categoryRoutes.js","statementMap":{"0":{"start":{"line":7,"column":15},"end":{"line":7,"column":31}},"1":{"start":{"line":9,"column":0},"end":{"line":9,"column":31}},"2":{"start":{"line":10,"column":0},"end":{"line":10,"column":33}}},"fnMap":{},"branchMap":{},"s":{"0":0,"1":0,"2":0},"f":{},"b":{}}
,"E:\\PLP Academy\\4. My Fullstack Projects\\week4-mern-blog\\server\\routes\\postRoutes.js": {"path":"E:\\PLP Academy\\4. My Fullstack Projects\\week4-mern-blog\\server\\routes\\postRoutes.js","statementMap":{"0":{"start":{"line":12,"column":15},"end":{"line":12,"column":31}},"1":{"start":{"line":14,"column":0},"end":{"line":14,"column":26}},"2":{"start":{"line":15,"column":0},"end":{"line":15,"column":32}},"3":{"start":{"line":16,"column":0},"end":{"line":16,"column":53}},"4":{"start":{"line":17,"column":0},"end":{"line":17,"column":31}},"5":{"start":{"line":18,"column":0},"end":{"line":18,"column":34}}},"fnMap":{},"branchMap":{},"s":{"0":1,"1":1,"2":1,"3":1,"4":1,"5":1},"f":{},"b":{},"_coverageSchema":"1a1c01bbd47fc00a2c39e90264f33305004495a9","hash":"e7166206fbddc0cb22809eb8757a957cc129dfd2"}
}
