TN:
SF:controllers\categoryController.js
FN:4,(anonymous_0)
FN:14,(anonymous_1)
FNF:2
FNH:0
FNDA:0,(anonymous_0)
FNDA:0,(anonymous_1)
DA:4,0
DA:5,0
DA:6,0
DA:7,0
DA:9,0
DA:14,0
DA:15,0
DA:16,0
DA:17,0
DA:18,0
DA:20,0
LF:11
LH:0
BRF:0
BRH:0
end_of_record
TN:
SF:controllers\postController.js
FN:5,(anonymous_0)
FN:31,(anonymous_1)
FN:42,(anonymous_2)
FN:68,(anonymous_3)
FN:79,(anonymous_4)
FNF:5
FNH:5
FNDA:1,(anonymous_0)
FNDA:2,(anonymous_1)
FNDA:5,(anonymous_2)
FNDA:1,(anonymous_3)
FNDA:1,(anonymous_4)
DA:5,1
DA:6,1
DA:7,1
DA:8,1
DA:9,1
DA:11,1
DA:17,1
DA:19,1
DA:25,0
DA:26,0
DA:31,1
DA:32,2
DA:33,2
DA:34,1
DA:35,1
DA:37,1
DA:42,1
DA:43,5
DA:44,5
DA:46,5
DA:47,1
DA:50,4
DA:52,4
DA:59,4
DA:60,4
DA:62,0
DA:63,0
DA:68,1
DA:69,1
DA:70,1
DA:71,1
DA:72,1
DA:74,0
DA:79,1
DA:80,1
DA:81,1
DA:82,1
DA:83,1
DA:85,0
LF:39
LH:33
BRDA:7,0,0,1
BRDA:7,0,1,1
BRDA:34,1,0,0
BRDA:34,1,1,1
BRDA:46,2,0,1
BRDA:46,2,1,4
BRDA:46,3,0,5
BRDA:46,3,1,4
BRDA:46,3,2,4
BRDA:50,4,0,0
BRDA:50,4,1,4
BRDA:63,5,0,0
BRDA:63,5,1,0
BRDA:71,6,0,0
BRDA:71,6,1,1
BRDA:82,7,0,0
BRDA:82,7,1,1
BRF:17
BRH:11
end_of_record
TN:
SF:models\Category.js
FNF:0
FNH:0
DA:4,1
LF:1
LH:1
BRF:0
BRH:0
end_of_record
TN:
SF:models\Post.js
FNF:0
FNH:0
DA:4,1
LF:1
LH:1
BRF:0
BRH:0
end_of_record
TN:
SF:routes\categoryRoutes.js
FNF:0
FNH:0
DA:7,0
DA:9,0
DA:10,0
LF:3
LH:0
BRF:0
BRH:0
end_of_record
TN:
SF:routes\postRoutes.js
FNF:0
FNH:0
DA:12,1
DA:14,1
DA:15,1
DA:16,1
DA:17,1
DA:18,1
LF:6
LH:6
BRF:0
BRH:0
end_of_record
